\BOOKMARK [0][-]{chapter.1}{\376\377\000G\000e\000t\000t\000i\000n\000g\000\040\000S\000t\000a\000r\000t\000e\000d}{}% 1
\BOOKMARK [1][-]{section.1.1}{\376\377\000W\000h\000a\000t\000\040\000i\000s\000\040\000Q\000u\000a\000r\000t\000e\000t\000\040\000S\000a\000m\000p\000l\000i\000n\000g\000?}{chapter.1}% 2
\BOOKMARK [1][-]{section.1.2}{\376\377\000H\000o\000w\000\040\000d\000o\000\040\000I\000\040\000c\000i\000t\000e\000\040\000t\000h\000i\000s\000\040\000p\000r\000o\000g\000r\000a\000m\000?}{chapter.1}% 3
\BOOKMARK [1][-]{section.1.3}{\376\377\000I\000n\000s\000t\000a\000l\000l\000a\000t\000i\000o\000n}{chapter.1}% 4
\BOOKMARK [1][-]{section.1.4}{\376\377\000P\000r\000e\000p\000a\000r\000i\000n\000g\000\040\000y\000o\000u\000r\000\040\000d\000a\000t\000a}{chapter.1}% 5
\BOOKMARK [1][-]{section.1.5}{\376\377\000B\000a\000s\000i\000c\000\040\000u\000s\000a\000g\000e}{chapter.1}% 6
\BOOKMARK [0][-]{chapter.2}{\376\377\000P\000r\000o\000g\000r\000a\000m\000\040\000P\000a\000r\000a\000m\000e\000t\000e\000r\000\040\000D\000e\000s\000c\000r\000i\000p\000t\000i\000o\000n\000s}{}% 7
\BOOKMARK [1][-]{section.2.1}{\376\377\000q\000u\000a\000r\000t\000e\000t\000\137\000s\000a\000m\000p\000l\000i\000n\000g}{chapter.2}% 8
\BOOKMARK [1][-]{section.2.2}{\376\377\000m\000e\000r\000g\000e\000\137\000o\000u\000t\000p\000u\000t}{chapter.2}% 9
\BOOKMARK [1][-]{section.2.3}{\376\377\000q\000u\000e\000r\000y\000\137\000t\000r\000e\000e}{chapter.2}% 10
\BOOKMARK [1][-]{section.2.4}{\376\377\000c\000a\000l\000c\000\137\000q\000s\000t\000a\000t\000s}{chapter.2}% 11
\BOOKMARK [0][-]{chapter.3}{\376\377\000O\000u\000t\000p\000u\000t\000s}{}% 12
\BOOKMARK [1][-]{section.3.1}{\376\377\000R\000E\000S\000U\000L\000T\000.\000n\000o\000d\000e\000.\000s\000c\000o\000r\000e\000s\000.\000c\000s\000v}{chapter.3}% 13
\BOOKMARK [1][-]{section.3.2}{\376\377\000R\000E\000S\000U\000L\000T\000.\000l\000a\000b\000e\000l\000e\000d\000.\000t\000r\000e}{chapter.3}% 14
\BOOKMARK [1][-]{section.3.3}{\376\377\000R\000E\000S\000U\000L\000T\000.\000l\000a\000b\000e\000l\000e\000d\000.\000t\000r\000e\000.\000f\000r\000e\000q\000/\000q\000c\000/\000q\000d\000/\000q\000u}{chapter.3}% 15
\BOOKMARK [1][-]{section.3.4}{\376\377\000R\000E\000S\000U\000L\000T\000.\000l\000a\000b\000e\000l\000e\000d\000.\000t\000r\000e\000.\000f\000i\000g\000t\000r\000e\000e}{chapter.3}% 16
\BOOKMARK [0][-]{chapter.4}{\376\377\000F\000r\000e\000q\000u\000e\000n\000t\000l\000y\000\040\000A\000s\000k\000e\000d\000\040\000Q\000u\000e\000s\000t\000i\000o\000n\000s}{}% 17
\BOOKMARK [1][-]{section.4.1}{\376\377\000W\000h\000a\000t\000\040\000i\000s\000\040\000a\000n\000\040\000a\000p\000p\000r\000o\000p\000r\000i\000a\000t\000e\000\040\000-\000L\000/\000-\000-\000l\000n\000l\000i\000k\000e\000-\000t\000h\000r\000e\000s\000h\000\040\000v\000a\000l\000u\000e\000\040\000t\000o\000\040\000u\000s\000e\000?}{chapter.4}% 18
\BOOKMARK [0][-]{chapter.5}{\376\377\000R\000e\000l\000e\000a\000s\000e\000s}{}% 19
\BOOKMARK [1][-]{section.5.1}{\376\377\000v\0001\000.\0002\000\040\000-\000\040\000M\000a\000j\000o\000r\000\040\000U\000p\000d\000a\000t\000e}{chapter.5}% 20
\BOOKMARK [1][-]{section.5.2}{\376\377\000v\0001\000.\0001\000.\0001}{chapter.5}% 21
\BOOKMARK [1][-]{section.5.3}{\376\377\000v\0001\000.\0001}{chapter.5}% 22
\BOOKMARK [1][-]{section.5.4}{\376\377\000v\0001\000.\0000}{chapter.5}% 23
\BOOKMARK [0][-]{chapter.6}{\376\377\000I\000n\000d\000i\000c\000e\000s\000\040\000a\000n\000d\000\040\000t\000a\000b\000l\000e\000s}{}% 24
